The system is: Darwin - 12.5.0 - i386
Compiling the C compiler identification source file "CMakeCCompilerId.c" succeeded.
Compiler: /opt/local/bin/gcc 
Build flags: 
Id flags: 

The output was:
0


Compilation of the C compiler identification source "CMakeCCompilerId.c" produced "a.out"

The C compiler identification is GNU, found in "/Users/dgyHome/Documents/GitHub/vot-toolkit/votracker/votracker/CMakeFiles/2.8.12/CompilerIdC/a.out"

Compiling the CXX compiler identification source file "CMakeCXXCompilerId.cpp" succeeded.
Compiler: /opt/local/bin/g++ 
Build flags: 
Id flags: 

The output was:
0


Compilation of the CXX compiler identification source "CMakeCXXCompilerId.cpp" produced "a.out"

The CXX compiler identification is GNU, found in "/Users/dgyHome/Documents/GitHub/vot-toolkit/votracker/votracker/CMakeFiles/2.8.12/CompilerIdCXX/a.out"

Determining if the C compiler works passed with the following output:
Change Dir: /Users/dgyHome/Documents/GitHub/vot-toolkit/votracker/votracker/CMakeFiles/CMakeTmp

Run Build Command:/usr/bin/make "cmTryCompileExec2538566336/fast"
/usr/bin/make -f CMakeFiles/cmTryCompileExec2538566336.dir/build.make CMakeFiles/cmTryCompileExec2538566336.dir/build
/usr/local/Cellar/cmake/2.8.12/bin/cmake -E cmake_progress_report /Users/dgyHome/Documents/GitHub/vot-toolkit/votracker/votracker/CMakeFiles/CMakeTmp/CMakeFiles 1
Building C object CMakeFiles/cmTryCompileExec2538566336.dir/testCCompiler.c.o
/opt/local/bin/gcc    -o CMakeFiles/cmTryCompileExec2538566336.dir/testCCompiler.c.o   -c /Users/dgyHome/Documents/GitHub/vot-toolkit/votracker/votracker/CMakeFiles/CMakeTmp/testCCompiler.c
Linking C executable cmTryCompileExec2538566336
/usr/local/Cellar/cmake/2.8.12/bin/cmake -E cmake_link_script CMakeFiles/cmTryCompileExec2538566336.dir/link.txt --verbose=1
/opt/local/bin/gcc    -Wl,-search_paths_first -Wl,-headerpad_max_install_names   CMakeFiles/cmTryCompileExec2538566336.dir/testCCompiler.c.o  -o cmTryCompileExec2538566336  


Detecting C compiler ABI info compiled with the following output:
Change Dir: /Users/dgyHome/Documents/GitHub/vot-toolkit/votracker/votracker/CMakeFiles/CMakeTmp

Run Build Command:/usr/bin/make "cmTryCompileExec1715866220/fast"
/usr/bin/make -f CMakeFiles/cmTryCompileExec1715866220.dir/build.make CMakeFiles/cmTryCompileExec1715866220.dir/build
/usr/local/Cellar/cmake/2.8.12/bin/cmake -E cmake_progress_report /Users/dgyHome/Documents/GitHub/vot-toolkit/votracker/votracker/CMakeFiles/CMakeTmp/CMakeFiles 1
Building C object CMakeFiles/cmTryCompileExec1715866220.dir/CMakeCCompilerABI.c.o
/opt/local/bin/gcc    -o CMakeFiles/cmTryCompileExec1715866220.dir/CMakeCCompilerABI.c.o   -c /usr/local/Cellar/cmake/2.8.12/share/cmake/Modules/CMakeCCompilerABI.c
Linking C executable cmTryCompileExec1715866220
/usr/local/Cellar/cmake/2.8.12/bin/cmake -E cmake_link_script CMakeFiles/cmTryCompileExec1715866220.dir/link.txt --verbose=1
/opt/local/bin/gcc    -Wl,-search_paths_first -Wl,-headerpad_max_install_names -v -Wl,-v CMakeFiles/cmTryCompileExec1715866220.dir/CMakeCCompilerABI.c.o  -o cmTryCompileExec1715866220   
Using built-in specs.
COLLECT_GCC=/opt/local/bin/gcc
COLLECT_LTO_WRAPPER=/opt/local/libexec/gcc/x86_64-apple-darwin12/4.7.3/lto-wrapper
Target: x86_64-apple-darwin12
Configured with: /opt/local/var/macports/build/_opt_local_var_macports_sources_rsync.macports.org_release_tarballs_ports_lang_gcc47/gcc47/work/gcc-4.7.3/configure --prefix=/opt/local --build=x86_64-apple-darwin12 --enable-languages=c,c++,objc,obj-c++,lto,fortran,java --libdir=/opt/local/lib/gcc47 --includedir=/opt/local/include/gcc47 --infodir=/opt/local/share/info --mandir=/opt/local/share/man --datarootdir=/opt/local/share/gcc-4.7 --with-libiconv-prefix=/opt/local --with-local-prefix=/opt/local --with-system-zlib --disable-nls --program-suffix=-mp-4.7 --with-gxx-include-dir=/opt/local/include/gcc47/c++/ --with-gmp=/opt/local --with-mpfr=/opt/local --with-mpc=/opt/local --with-ppl=/opt/local --with-cloog=/opt/local --enable-cloog-backend=isl --disable-cloog-version-check --enable-stage1-checking --enable-lto --enable-libstdcxx-time --with-as=/opt/local/bin/as --with-ld=/opt/local/bin/ld --with-ar=/opt/local/bin/ar --with-bugurl=https://trac.macports.org/newticket --disable-ppl-version-check --with-pkgversion='MacPorts gcc47 4.7.3_3+universal'
Thread model: posix
gcc version 4.7.3 (MacPorts gcc47 4.7.3_3+universal) 
COMPILER_PATH=/opt/local/libexec/gcc/x86_64-apple-darwin12/4.7.3/:/opt/local/libexec/gcc/x86_64-apple-darwin12/4.7.3/:/opt/local/libexec/gcc/x86_64-apple-darwin12/:/opt/local/lib/gcc47/gcc/x86_64-apple-darwin12/4.7.3/:/opt/local/lib/gcc47/gcc/x86_64-apple-darwin12/
LIBRARY_PATH=/opt/local/lib/gcc47/gcc/x86_64-apple-darwin12/4.7.3/:/opt/local/lib/gcc47/gcc/x86_64-apple-darwin12/4.7.3/../../../:/usr/lib/
COLLECT_GCC_OPTIONS='-mmacosx-version-min=10.8.5' '-v' '-o' 'cmTryCompileExec1715866220' '-mtune=core2'
 /opt/local/libexec/gcc/x86_64-apple-darwin12/4.7.3/collect2 -dynamic -arch x86_64 -macosx_version_min 10.8.5 -weak_reference_mismatches non-weak -o cmTryCompileExec1715866220 -L/opt/local/lib/gcc47/gcc/x86_64-apple-darwin12/4.7.3 -L/opt/local/lib/gcc47/gcc/x86_64-apple-darwin12/4.7.3/../../.. -search_paths_first -headerpad_max_install_names -v CMakeFiles/cmTryCompileExec1715866220.dir/CMakeCCompilerABI.c.o -no_compact_unwind -lSystem -lgcc_ext.10.5 -lgcc -lSystem -v
collect2 version 4.7.3
/opt/local/bin/ld -dynamic -arch x86_64 -macosx_version_min 10.8.5 -weak_reference_mismatches non-weak -o cmTryCompileExec1715866220 -L/opt/local/lib/gcc47/gcc/x86_64-apple-darwin12/4.7.3 -L/opt/local/lib/gcc47/gcc/x86_64-apple-darwin12/4.7.3/../../.. -search_paths_first -headerpad_max_install_names -v CMakeFiles/cmTryCompileExec1715866220.dir/CMakeCCompilerABI.c.o -no_compact_unwind -lSystem -lgcc_ext.10.5 -lgcc -lSystem -v
@(#)PROGRAM:ld  PROJECT:ld64-136
configured to support archs: i386 x86_64 armv7 armv7s
@(#)PROGRAM:ld  PROJECT:ld64-136
configured to support archs: i386 x86_64 armv7 armv7s
Library search paths:
	/opt/local/lib/gcc47/gcc/x86_64-apple-darwin12/4.7.3
	/opt/local/lib/gcc47
	/usr/lib
	/usr/local/lib
Framework search paths:
	/Library/Frameworks/
	/System/Library/Frameworks/


Parsed C implicit link information from above output:
  link line regex: [^( *|.*[/\])(ld|([^/\]+-)?ld|collect2)[^/\]*( |$)]
  ignore line: [Change Dir: /Users/dgyHome/Documents/GitHub/vot-toolkit/votracker/votracker/CMakeFiles/CMakeTmp]
  ignore line: []
  ignore line: [Run Build Command:/usr/bin/make "cmTryCompileExec1715866220/fast"]
  ignore line: [/usr/bin/make -f CMakeFiles/cmTryCompileExec1715866220.dir/build.make CMakeFiles/cmTryCompileExec1715866220.dir/build]
  ignore line: [/usr/local/Cellar/cmake/2.8.12/bin/cmake -E cmake_progress_report /Users/dgyHome/Documents/GitHub/vot-toolkit/votracker/votracker/CMakeFiles/CMakeTmp/CMakeFiles 1]
  ignore line: [Building C object CMakeFiles/cmTryCompileExec1715866220.dir/CMakeCCompilerABI.c.o]
  ignore line: [/opt/local/bin/gcc    -o CMakeFiles/cmTryCompileExec1715866220.dir/CMakeCCompilerABI.c.o   -c /usr/local/Cellar/cmake/2.8.12/share/cmake/Modules/CMakeCCompilerABI.c]
  ignore line: [Linking C executable cmTryCompileExec1715866220]
  ignore line: [/usr/local/Cellar/cmake/2.8.12/bin/cmake -E cmake_link_script CMakeFiles/cmTryCompileExec1715866220.dir/link.txt --verbose=1]
  ignore line: [/opt/local/bin/gcc    -Wl,-search_paths_first -Wl,-headerpad_max_install_names -v -Wl,-v CMakeFiles/cmTryCompileExec1715866220.dir/CMakeCCompilerABI.c.o  -o cmTryCompileExec1715866220   ]
  ignore line: [Using built-in specs.]
  ignore line: [COLLECT_GCC=/opt/local/bin/gcc]
  ignore line: [COLLECT_LTO_WRAPPER=/opt/local/libexec/gcc/x86_64-apple-darwin12/4.7.3/lto-wrapper]
  ignore line: [Target: x86_64-apple-darwin12]
  ignore line: [Configured with: /opt/local/var/macports/build/_opt_local_var_macports_sources_rsync.macports.org_release_tarballs_ports_lang_gcc47/gcc47/work/gcc-4.7.3/configure --prefix=/opt/local --build=x86_64-apple-darwin12 --enable-languages=c,c++,objc,obj-c++,lto,fortran,java --libdir=/opt/local/lib/gcc47 --includedir=/opt/local/include/gcc47 --infodir=/opt/local/share/info --mandir=/opt/local/share/man --datarootdir=/opt/local/share/gcc-4.7 --with-libiconv-prefix=/opt/local --with-local-prefix=/opt/local --with-system-zlib --disable-nls --program-suffix=-mp-4.7 --with-gxx-include-dir=/opt/local/include/gcc47/c++/ --with-gmp=/opt/local --with-mpfr=/opt/local --with-mpc=/opt/local --with-ppl=/opt/local --with-cloog=/opt/local --enable-cloog-backend=isl --disable-cloog-version-check --enable-stage1-checking --enable-lto --enable-libstdcxx-time --with-as=/opt/local/bin/as --with-ld=/opt/local/bin/ld --with-ar=/opt/local/bin/ar --with-bugurl=https://trac.macports.org/newticket --disable-ppl-version-check --with-pkgversion='MacPorts gcc47 4.7.3_3+universal']
  ignore line: [Thread model: posix]
  ignore line: [gcc version 4.7.3 (MacPorts gcc47 4.7.3_3+universal) ]
  ignore line: [COMPILER_PATH=/opt/local/libexec/gcc/x86_64-apple-darwin12/4.7.3/:/opt/local/libexec/gcc/x86_64-apple-darwin12/4.7.3/:/opt/local/libexec/gcc/x86_64-apple-darwin12/:/opt/local/lib/gcc47/gcc/x86_64-apple-darwin12/4.7.3/:/opt/local/lib/gcc47/gcc/x86_64-apple-darwin12/]
  ignore line: [LIBRARY_PATH=/opt/local/lib/gcc47/gcc/x86_64-apple-darwin12/4.7.3/:/opt/local/lib/gcc47/gcc/x86_64-apple-darwin12/4.7.3/../../../:/usr/lib/]
  ignore line: [COLLECT_GCC_OPTIONS='-mmacosx-version-min=10.8.5' '-v' '-o' 'cmTryCompileExec1715866220' '-mtune=core2']
  link line: [ /opt/local/libexec/gcc/x86_64-apple-darwin12/4.7.3/collect2 -dynamic -arch x86_64 -macosx_version_min 10.8.5 -weak_reference_mismatches non-weak -o cmTryCompileExec1715866220 -L/opt/local/lib/gcc47/gcc/x86_64-apple-darwin12/4.7.3 -L/opt/local/lib/gcc47/gcc/x86_64-apple-darwin12/4.7.3/../../.. -search_paths_first -headerpad_max_install_names -v CMakeFiles/cmTryCompileExec1715866220.dir/CMakeCCompilerABI.c.o -no_compact_unwind -lSystem -lgcc_ext.10.5 -lgcc -lSystem -v]
    arg [/opt/local/libexec/gcc/x86_64-apple-darwin12/4.7.3/collect2] ==> ignore
    arg [-dynamic] ==> ignore
    arg [-arch] ==> ignore
    arg [x86_64] ==> ignore
    arg [-macosx_version_min] ==> ignore
    arg [10.8.5] ==> ignore
    arg [-weak_reference_mismatches] ==> ignore
    arg [non-weak] ==> ignore
    arg [-o] ==> ignore
    arg [cmTryCompileExec1715866220] ==> ignore
    arg [-L/opt/local/lib/gcc47/gcc/x86_64-apple-darwin12/4.7.3] ==> dir [/opt/local/lib/gcc47/gcc/x86_64-apple-darwin12/4.7.3]
    arg [-L/opt/local/lib/gcc47/gcc/x86_64-apple-darwin12/4.7.3/../../..] ==> dir [/opt/local/lib/gcc47/gcc/x86_64-apple-darwin12/4.7.3/../../..]
    arg [-search_paths_first] ==> ignore
    arg [-headerpad_max_install_names] ==> ignore
    arg [-v] ==> ignore
    arg [CMakeFiles/cmTryCompileExec1715866220.dir/CMakeCCompilerABI.c.o] ==> ignore
    arg [-no_compact_unwind] ==> ignore
    arg [-lSystem] ==> lib [System]
    arg [-lgcc_ext.10.5] ==> lib [gcc_ext.10.5]
    arg [-lgcc] ==> lib [gcc]
    arg [-lSystem] ==> lib [System]
    arg [-v] ==> ignore
  Library search paths: [;/opt/local/lib/gcc47/gcc/x86_64-apple-darwin12/4.7.3;/opt/local/lib/gcc47;/usr/lib;/usr/local/lib]
  Framework search paths: [;/Library/Frameworks/;/System/Library/Frameworks/]
  remove lib [System]
  remove lib [gcc_ext.10.5]
  remove lib [gcc]
  remove lib [System]
  collapse library dir [/opt/local/lib/gcc47/gcc/x86_64-apple-darwin12/4.7.3] ==> [/opt/local/lib/gcc47/gcc/x86_64-apple-darwin12/4.7.3]
  collapse library dir [/opt/local/lib/gcc47/gcc/x86_64-apple-darwin12/4.7.3/../../..] ==> [/opt/local/lib/gcc47]
  collapse library dir [/opt/local/lib/gcc47/gcc/x86_64-apple-darwin12/4.7.3] ==> [/opt/local/lib/gcc47/gcc/x86_64-apple-darwin12/4.7.3]
  collapse library dir [/opt/local/lib/gcc47] ==> [/opt/local/lib/gcc47]
  collapse library dir [/usr/lib] ==> [/usr/lib]
  collapse library dir [/usr/local/lib] ==> [/usr/local/lib]
  collapse framework dir [/Library/Frameworks/] ==> [/Library/Frameworks]
  collapse framework dir [/System/Library/Frameworks/] ==> [/System/Library/Frameworks]
  implicit libs: []
  implicit dirs: [/opt/local/lib/gcc47/gcc/x86_64-apple-darwin12/4.7.3;/opt/local/lib/gcc47;/usr/lib;/usr/local/lib]
  implicit fwks: [/Library/Frameworks;/System/Library/Frameworks]


Determining if the CXX compiler works passed with the following output:
Change Dir: /Users/dgyHome/Documents/GitHub/vot-toolkit/votracker/votracker/CMakeFiles/CMakeTmp

Run Build Command:/usr/bin/make "cmTryCompileExec3393095292/fast"
/usr/bin/make -f CMakeFiles/cmTryCompileExec3393095292.dir/build.make CMakeFiles/cmTryCompileExec3393095292.dir/build
/usr/local/Cellar/cmake/2.8.12/bin/cmake -E cmake_progress_report /Users/dgyHome/Documents/GitHub/vot-toolkit/votracker/votracker/CMakeFiles/CMakeTmp/CMakeFiles 1
Building CXX object CMakeFiles/cmTryCompileExec3393095292.dir/testCXXCompiler.cxx.o
/opt/local/bin/g++     -o CMakeFiles/cmTryCompileExec3393095292.dir/testCXXCompiler.cxx.o -c /Users/dgyHome/Documents/GitHub/vot-toolkit/votracker/votracker/CMakeFiles/CMakeTmp/testCXXCompiler.cxx
Linking CXX executable cmTryCompileExec3393095292
/usr/local/Cellar/cmake/2.8.12/bin/cmake -E cmake_link_script CMakeFiles/cmTryCompileExec3393095292.dir/link.txt --verbose=1
/opt/local/bin/g++     -Wl,-search_paths_first -Wl,-headerpad_max_install_names   CMakeFiles/cmTryCompileExec3393095292.dir/testCXXCompiler.cxx.o  -o cmTryCompileExec3393095292  


Detecting CXX compiler ABI info compiled with the following output:
Change Dir: /Users/dgyHome/Documents/GitHub/vot-toolkit/votracker/votracker/CMakeFiles/CMakeTmp

Run Build Command:/usr/bin/make "cmTryCompileExec3883497805/fast"
/usr/bin/make -f CMakeFiles/cmTryCompileExec3883497805.dir/build.make CMakeFiles/cmTryCompileExec3883497805.dir/build
/usr/local/Cellar/cmake/2.8.12/bin/cmake -E cmake_progress_report /Users/dgyHome/Documents/GitHub/vot-toolkit/votracker/votracker/CMakeFiles/CMakeTmp/CMakeFiles 1
Building CXX object CMakeFiles/cmTryCompileExec3883497805.dir/CMakeCXXCompilerABI.cpp.o
/opt/local/bin/g++     -o CMakeFiles/cmTryCompileExec3883497805.dir/CMakeCXXCompilerABI.cpp.o -c /usr/local/Cellar/cmake/2.8.12/share/cmake/Modules/CMakeCXXCompilerABI.cpp
Linking CXX executable cmTryCompileExec3883497805
/usr/local/Cellar/cmake/2.8.12/bin/cmake -E cmake_link_script CMakeFiles/cmTryCompileExec3883497805.dir/link.txt --verbose=1
/opt/local/bin/g++     -Wl,-search_paths_first -Wl,-headerpad_max_install_names -v -Wl,-v CMakeFiles/cmTryCompileExec3883497805.dir/CMakeCXXCompilerABI.cpp.o  -o cmTryCompileExec3883497805   
Using built-in specs.
COLLECT_GCC=/opt/local/bin/g++
COLLECT_LTO_WRAPPER=/opt/local/libexec/gcc/x86_64-apple-darwin12/4.7.3/lto-wrapper
Target: x86_64-apple-darwin12
Configured with: /opt/local/var/macports/build/_opt_local_var_macports_sources_rsync.macports.org_release_tarballs_ports_lang_gcc47/gcc47/work/gcc-4.7.3/configure --prefix=/opt/local --build=x86_64-apple-darwin12 --enable-languages=c,c++,objc,obj-c++,lto,fortran,java --libdir=/opt/local/lib/gcc47 --includedir=/opt/local/include/gcc47 --infodir=/opt/local/share/info --mandir=/opt/local/share/man --datarootdir=/opt/local/share/gcc-4.7 --with-libiconv-prefix=/opt/local --with-local-prefix=/opt/local --with-system-zlib --disable-nls --program-suffix=-mp-4.7 --with-gxx-include-dir=/opt/local/include/gcc47/c++/ --with-gmp=/opt/local --with-mpfr=/opt/local --with-mpc=/opt/local --with-ppl=/opt/local --with-cloog=/opt/local --enable-cloog-backend=isl --disable-cloog-version-check --enable-stage1-checking --enable-lto --enable-libstdcxx-time --with-as=/opt/local/bin/as --with-ld=/opt/local/bin/ld --with-ar=/opt/local/bin/ar --with-bugurl=https://trac.macports.org/newticket --disable-ppl-version-check --with-pkgversion='MacPorts gcc47 4.7.3_3+universal'
Thread model: posix
gcc version 4.7.3 (MacPorts gcc47 4.7.3_3+universal) 
COMPILER_PATH=/opt/local/libexec/gcc/x86_64-apple-darwin12/4.7.3/:/opt/local/libexec/gcc/x86_64-apple-darwin12/4.7.3/:/opt/local/libexec/gcc/x86_64-apple-darwin12/:/opt/local/lib/gcc47/gcc/x86_64-apple-darwin12/4.7.3/:/opt/local/lib/gcc47/gcc/x86_64-apple-darwin12/
LIBRARY_PATH=/opt/local/lib/gcc47/gcc/x86_64-apple-darwin12/4.7.3/:/opt/local/lib/gcc47/gcc/x86_64-apple-darwin12/4.7.3/../../../:/usr/lib/
COLLECT_GCC_OPTIONS='-mmacosx-version-min=10.8.5' '-v' '-o' 'cmTryCompileExec3883497805' '-shared-libgcc' '-mtune=core2'
 /opt/local/libexec/gcc/x86_64-apple-darwin12/4.7.3/collect2 -dynamic -arch x86_64 -macosx_version_min 10.8.5 -weak_reference_mismatches non-weak -o cmTryCompileExec3883497805 -L/opt/local/lib/gcc47/gcc/x86_64-apple-darwin12/4.7.3 -L/opt/local/lib/gcc47/gcc/x86_64-apple-darwin12/4.7.3/../../.. -search_paths_first -headerpad_max_install_names -v CMakeFiles/cmTryCompileExec3883497805.dir/CMakeCXXCompilerABI.cpp.o -lstdc++ -no_compact_unwind -lSystem -lgcc_ext.10.5 -lgcc -lSystem -v
collect2 version 4.7.3
/opt/local/bin/ld -dynamic -arch x86_64 -macosx_version_min 10.8.5 -weak_reference_mismatches non-weak -o cmTryCompileExec3883497805 -L/opt/local/lib/gcc47/gcc/x86_64-apple-darwin12/4.7.3 -L/opt/local/lib/gcc47/gcc/x86_64-apple-darwin12/4.7.3/../../.. -search_paths_first -headerpad_max_install_names -v CMakeFiles/cmTryCompileExec3883497805.dir/CMakeCXXCompilerABI.cpp.o -lstdc++ -no_compact_unwind -lSystem -lgcc_ext.10.5 -lgcc -lSystem -v
@(#)PROGRAM:ld  PROJECT:ld64-136
configured to support archs: i386 x86_64 armv7 armv7s
@(#)PROGRAM:ld  PROJECT:ld64-136
configured to support archs: i386 x86_64 armv7 armv7s
Library search paths:
	/opt/local/lib/gcc47/gcc/x86_64-apple-darwin12/4.7.3
	/opt/local/lib/gcc47
	/usr/lib
	/usr/local/lib
Framework search paths:
	/Library/Frameworks/
	/System/Library/Frameworks/


Parsed CXX implicit link information from above output:
  link line regex: [^( *|.*[/\])(ld|([^/\]+-)?ld|collect2)[^/\]*( |$)]
  ignore line: [Change Dir: /Users/dgyHome/Documents/GitHub/vot-toolkit/votracker/votracker/CMakeFiles/CMakeTmp]
  ignore line: []
  ignore line: [Run Build Command:/usr/bin/make "cmTryCompileExec3883497805/fast"]
  ignore line: [/usr/bin/make -f CMakeFiles/cmTryCompileExec3883497805.dir/build.make CMakeFiles/cmTryCompileExec3883497805.dir/build]
  ignore line: [/usr/local/Cellar/cmake/2.8.12/bin/cmake -E cmake_progress_report /Users/dgyHome/Documents/GitHub/vot-toolkit/votracker/votracker/CMakeFiles/CMakeTmp/CMakeFiles 1]
  ignore line: [Building CXX object CMakeFiles/cmTryCompileExec3883497805.dir/CMakeCXXCompilerABI.cpp.o]
  ignore line: [/opt/local/bin/g++     -o CMakeFiles/cmTryCompileExec3883497805.dir/CMakeCXXCompilerABI.cpp.o -c /usr/local/Cellar/cmake/2.8.12/share/cmake/Modules/CMakeCXXCompilerABI.cpp]
  ignore line: [Linking CXX executable cmTryCompileExec3883497805]
  ignore line: [/usr/local/Cellar/cmake/2.8.12/bin/cmake -E cmake_link_script CMakeFiles/cmTryCompileExec3883497805.dir/link.txt --verbose=1]
  ignore line: [/opt/local/bin/g++     -Wl,-search_paths_first -Wl,-headerpad_max_install_names -v -Wl,-v CMakeFiles/cmTryCompileExec3883497805.dir/CMakeCXXCompilerABI.cpp.o  -o cmTryCompileExec3883497805   ]
  ignore line: [Using built-in specs.]
  ignore line: [COLLECT_GCC=/opt/local/bin/g++]
  ignore line: [COLLECT_LTO_WRAPPER=/opt/local/libexec/gcc/x86_64-apple-darwin12/4.7.3/lto-wrapper]
  ignore line: [Target: x86_64-apple-darwin12]
  ignore line: [Configured with: /opt/local/var/macports/build/_opt_local_var_macports_sources_rsync.macports.org_release_tarballs_ports_lang_gcc47/gcc47/work/gcc-4.7.3/configure --prefix=/opt/local --build=x86_64-apple-darwin12 --enable-languages=c,c++,objc,obj-c++,lto,fortran,java --libdir=/opt/local/lib/gcc47 --includedir=/opt/local/include/gcc47 --infodir=/opt/local/share/info --mandir=/opt/local/share/man --datarootdir=/opt/local/share/gcc-4.7 --with-libiconv-prefix=/opt/local --with-local-prefix=/opt/local --with-system-zlib --disable-nls --program-suffix=-mp-4.7 --with-gxx-include-dir=/opt/local/include/gcc47/c++/ --with-gmp=/opt/local --with-mpfr=/opt/local --with-mpc=/opt/local --with-ppl=/opt/local --with-cloog=/opt/local --enable-cloog-backend=isl --disable-cloog-version-check --enable-stage1-checking --enable-lto --enable-libstdcxx-time --with-as=/opt/local/bin/as --with-ld=/opt/local/bin/ld --with-ar=/opt/local/bin/ar --with-bugurl=https://trac.macports.org/newticket --disable-ppl-version-check --with-pkgversion='MacPorts gcc47 4.7.3_3+universal']
  ignore line: [Thread model: posix]
  ignore line: [gcc version 4.7.3 (MacPorts gcc47 4.7.3_3+universal) ]
  ignore line: [COMPILER_PATH=/opt/local/libexec/gcc/x86_64-apple-darwin12/4.7.3/:/opt/local/libexec/gcc/x86_64-apple-darwin12/4.7.3/:/opt/local/libexec/gcc/x86_64-apple-darwin12/:/opt/local/lib/gcc47/gcc/x86_64-apple-darwin12/4.7.3/:/opt/local/lib/gcc47/gcc/x86_64-apple-darwin12/]
  ignore line: [LIBRARY_PATH=/opt/local/lib/gcc47/gcc/x86_64-apple-darwin12/4.7.3/:/opt/local/lib/gcc47/gcc/x86_64-apple-darwin12/4.7.3/../../../:/usr/lib/]
  ignore line: [COLLECT_GCC_OPTIONS='-mmacosx-version-min=10.8.5' '-v' '-o' 'cmTryCompileExec3883497805' '-shared-libgcc' '-mtune=core2']
  link line: [ /opt/local/libexec/gcc/x86_64-apple-darwin12/4.7.3/collect2 -dynamic -arch x86_64 -macosx_version_min 10.8.5 -weak_reference_mismatches non-weak -o cmTryCompileExec3883497805 -L/opt/local/lib/gcc47/gcc/x86_64-apple-darwin12/4.7.3 -L/opt/local/lib/gcc47/gcc/x86_64-apple-darwin12/4.7.3/../../.. -search_paths_first -headerpad_max_install_names -v CMakeFiles/cmTryCompileExec3883497805.dir/CMakeCXXCompilerABI.cpp.o -lstdc++ -no_compact_unwind -lSystem -lgcc_ext.10.5 -lgcc -lSystem -v]
    arg [/opt/local/libexec/gcc/x86_64-apple-darwin12/4.7.3/collect2] ==> ignore
    arg [-dynamic] ==> ignore
    arg [-arch] ==> ignore
    arg [x86_64] ==> ignore
    arg [-macosx_version_min] ==> ignore
    arg [10.8.5] ==> ignore
    arg [-weak_reference_mismatches] ==> ignore
    arg [non-weak] ==> ignore
    arg [-o] ==> ignore
    arg [cmTryCompileExec3883497805] ==> ignore
    arg [-L/opt/local/lib/gcc47/gcc/x86_64-apple-darwin12/4.7.3] ==> dir [/opt/local/lib/gcc47/gcc/x86_64-apple-darwin12/4.7.3]
    arg [-L/opt/local/lib/gcc47/gcc/x86_64-apple-darwin12/4.7.3/../../..] ==> dir [/opt/local/lib/gcc47/gcc/x86_64-apple-darwin12/4.7.3/../../..]
    arg [-search_paths_first] ==> ignore
    arg [-headerpad_max_install_names] ==> ignore
    arg [-v] ==> ignore
    arg [CMakeFiles/cmTryCompileExec3883497805.dir/CMakeCXXCompilerABI.cpp.o] ==> ignore
    arg [-lstdc++] ==> lib [stdc++]
    arg [-no_compact_unwind] ==> ignore
    arg [-lSystem] ==> lib [System]
    arg [-lgcc_ext.10.5] ==> lib [gcc_ext.10.5]
    arg [-lgcc] ==> lib [gcc]
    arg [-lSystem] ==> lib [System]
    arg [-v] ==> ignore
  Library search paths: [;/opt/local/lib/gcc47/gcc/x86_64-apple-darwin12/4.7.3;/opt/local/lib/gcc47;/usr/lib;/usr/local/lib]
  Framework search paths: [;/Library/Frameworks/;/System/Library/Frameworks/]
  remove lib [System]
  remove lib [gcc_ext.10.5]
  remove lib [gcc]
  remove lib [System]
  collapse library dir [/opt/local/lib/gcc47/gcc/x86_64-apple-darwin12/4.7.3] ==> [/opt/local/lib/gcc47/gcc/x86_64-apple-darwin12/4.7.3]
  collapse library dir [/opt/local/lib/gcc47/gcc/x86_64-apple-darwin12/4.7.3/../../..] ==> [/opt/local/lib/gcc47]
  collapse library dir [/opt/local/lib/gcc47/gcc/x86_64-apple-darwin12/4.7.3] ==> [/opt/local/lib/gcc47/gcc/x86_64-apple-darwin12/4.7.3]
  collapse library dir [/opt/local/lib/gcc47] ==> [/opt/local/lib/gcc47]
  collapse library dir [/usr/lib] ==> [/usr/lib]
  collapse library dir [/usr/local/lib] ==> [/usr/local/lib]
  collapse framework dir [/Library/Frameworks/] ==> [/Library/Frameworks]
  collapse framework dir [/System/Library/Frameworks/] ==> [/System/Library/Frameworks]
  implicit libs: [stdc++]
  implicit dirs: [/opt/local/lib/gcc47/gcc/x86_64-apple-darwin12/4.7.3;/opt/local/lib/gcc47;/usr/lib;/usr/local/lib]
  implicit fwks: [/Library/Frameworks;/System/Library/Frameworks]


